<?xml version="1.0" encoding="UTF-8"?>
<!-- Generated by org.testng.reporters.JUnitReportReporter -->
<testsuite hostname="DESKTOP-RF3HKHR" failures="0" tests="1" name="com.Webmath.TestCase.WebMathTestCase" time="159.573" errors="0" timestamp="2023-07-04T19:55:25 IST" skipped="0">
  <testcase classname="com.Webmath.TestCase.WebMathTestCase" name="logintest" time="159.573"/>
  <system-out/>
</testsuite> <!-- com.Webmath.TestCase.WebMathTestCase -->
